# Logfile created on 2022-03-08 18:22:32 +0000 by logger.rb/66358
I, [2022-03-08T18:22:32.341131 #698]  INFO -- : (0.000201s) PRAGMA foreign_keys = 1
I, [2022-03-08T18:22:32.341236 #698]  INFO -- : (0.000015s) PRAGMA case_sensitive_like = 1
I, [2022-03-08T18:22:32.341440 #698]  INFO -- : (0.000059s) SELECT sqlite_version()
I, [2022-03-08T18:22:32.341663 #698]  INFO -- : (0.000066s) SELECT NULL AS 'nil' FROM `tags` LIMIT 1
I, [2022-03-08T18:22:32.341848 #698]  INFO -- : (0.000060s) SELECT NULL AS 'nil' FROM `universities` LIMIT 1
I, [2022-03-08T18:22:32.342001 #698]  INFO -- : (0.000050s) SELECT NULL AS 'nil' FROM `users` LIMIT 1
I, [2022-03-08T18:22:32.342148 #698]  INFO -- : (0.000048s) SELECT NULL AS 'nil' FROM `posts` LIMIT 1
I, [2022-03-08T18:22:32.342323 #698]  INFO -- : (0.000050s) SELECT NULL AS 'nil' FROM `post_tags` LIMIT 1
I, [2022-03-08T18:22:32.342466 #698]  INFO -- : (0.000047s) SELECT NULL AS 'nil' FROM `deleted_users` LIMIT 1
I, [2022-03-08T18:22:32.342652 #698]  INFO -- : (0.000076s) SELECT NULL AS 'nil' FROM `deleted_posts` LIMIT 1
I, [2022-03-08T18:22:32.342808 #698]  INFO -- : (0.000050s) SELECT NULL AS 'nil' FROM `reported_posts` LIMIT 1
I, [2022-03-08T18:22:32.342968 #698]  INFO -- : (0.000044s) SELECT NULL AS 'nil' FROM `report_reasons` LIMIT 1
I, [2022-03-08T18:22:32.343593 #698]  INFO -- : (0.000117s) PRAGMA table_info('posts')
I, [2022-03-08T18:22:32.344438 #698]  INFO -- : (0.000089s) PRAGMA table_info('post_tags')
I, [2022-03-08T18:22:32.345001 #698]  INFO -- : (0.000093s) PRAGMA table_info('tags')
I, [2022-03-08T18:22:32.345628 #698]  INFO -- : (0.000126s) PRAGMA table_info('users')
I, [2022-03-08T18:22:33.833354 #698]  INFO -- : (0.000179s) SELECT * FROM `posts`
I, [2022-03-10T15:56:49.709641 #259]  INFO -- : (0.000221s) PRAGMA foreign_keys = 1
I, [2022-03-10T15:56:49.709748 #259]  INFO -- : (0.000017s) PRAGMA case_sensitive_like = 1
I, [2022-03-10T15:56:49.709931 #259]  INFO -- : (0.000060s) SELECT sqlite_version()
I, [2022-03-10T15:56:49.710149 #259]  INFO -- : (0.000065s) SELECT NULL AS 'nil' FROM `tags` LIMIT 1
I, [2022-03-10T15:56:49.710308 #259]  INFO -- : (0.000054s) SELECT NULL AS 'nil' FROM `universities` LIMIT 1
I, [2022-03-10T15:56:49.710444 #259]  INFO -- : (0.000046s) SELECT NULL AS 'nil' FROM `users` LIMIT 1
I, [2022-03-10T15:56:49.710572 #259]  INFO -- : (0.000044s) SELECT NULL AS 'nil' FROM `posts` LIMIT 1
I, [2022-03-10T15:56:49.710779 #259]  INFO -- : (0.000054s) SELECT NULL AS 'nil' FROM `post_tags` LIMIT 1
I, [2022-03-10T15:56:49.710909 #259]  INFO -- : (0.000041s) SELECT NULL AS 'nil' FROM `deleted_users` LIMIT 1
I, [2022-03-10T15:56:49.711028 #259]  INFO -- : (0.000038s) SELECT NULL AS 'nil' FROM `deleted_posts` LIMIT 1
I, [2022-03-10T15:56:49.711154 #259]  INFO -- : (0.000045s) SELECT NULL AS 'nil' FROM `reported_posts` LIMIT 1
I, [2022-03-10T15:56:49.711354 #259]  INFO -- : (0.000071s) SELECT NULL AS 'nil' FROM `report_reasons` LIMIT 1
I, [2022-03-10T15:56:49.712033 #259]  INFO -- : (0.000137s) PRAGMA table_info('posts')
I, [2022-03-10T15:56:49.712886 #259]  INFO -- : (0.000075s) PRAGMA table_info('post_tags')
I, [2022-03-10T15:56:49.713409 #259]  INFO -- : (0.000069s) PRAGMA table_info('tags')
I, [2022-03-10T15:56:49.714011 #259]  INFO -- : (0.000109s) PRAGMA table_info('users')
I, [2022-03-10T15:56:52.040163 #259]  INFO -- : (0.000173s) SELECT * FROM `posts`
I, [2022-03-10T15:56:52.049833 #259]  INFO -- : (0.000156s) SELECT * FROM `users` WHERE (`userID` = 1) LIMIT 1
I, [2022-03-10T15:56:52.050072 #259]  INFO -- : (0.000070s) SELECT * FROM `universities` WHERE (`universityID` = 239) LIMIT 1
I, [2022-03-10T15:59:26.235855 #259]  INFO -- : (0.000173s) SELECT * FROM `users` WHERE `userID` = 1
I, [2022-03-10T15:59:26.236241 #259]  INFO -- : (0.000120s) SELECT * FROM `posts` WHERE (`is_moderated` = 0)
I, [2022-03-10T15:59:26.237741 #259]  INFO -- : (0.000104s) SELECT * FROM `tags`
I, [2022-03-10T15:59:26.237972 #259]  INFO -- : (0.000071s) SELECT * FROM `universities` WHERE (`universityID` = 1) LIMIT 1
I, [2022-03-10T15:59:26.238125 #259]  INFO -- : (0.000085s) SELECT * FROM `users` WHERE `userID` = 7
I, [2022-03-10T16:06:20.171767 #276]  INFO -- : (0.000212s) PRAGMA foreign_keys = 1
I, [2022-03-10T16:06:20.171868 #276]  INFO -- : (0.000016s) PRAGMA case_sensitive_like = 1
I, [2022-03-10T16:06:20.172079 #276]  INFO -- : (0.000062s) SELECT sqlite_version()
I, [2022-03-10T16:06:20.172341 #276]  INFO -- : (0.000069s) SELECT NULL AS 'nil' FROM `tags` LIMIT 1
I, [2022-03-10T16:06:20.172532 #276]  INFO -- : (0.000065s) SELECT NULL AS 'nil' FROM `universities` LIMIT 1
I, [2022-03-10T16:06:20.172696 #276]  INFO -- : (0.000052s) SELECT NULL AS 'nil' FROM `users` LIMIT 1
I, [2022-03-10T16:06:20.172874 #276]  INFO -- : (0.000070s) SELECT NULL AS 'nil' FROM `posts` LIMIT 1
I, [2022-03-10T16:06:20.173049 #276]  INFO -- : (0.000053s) SELECT NULL AS 'nil' FROM `post_tags` LIMIT 1
I, [2022-03-10T16:06:20.173202 #276]  INFO -- : (0.000046s) SELECT NULL AS 'nil' FROM `deleted_users` LIMIT 1
I, [2022-03-10T16:06:20.173349 #276]  INFO -- : (0.000044s) SELECT NULL AS 'nil' FROM `deleted_posts` LIMIT 1
I, [2022-03-10T16:06:20.173494 #276]  INFO -- : (0.000043s) SELECT NULL AS 'nil' FROM `reported_posts` LIMIT 1
I, [2022-03-10T16:06:20.173659 #276]  INFO -- : (0.000049s) SELECT NULL AS 'nil' FROM `report_reasons` LIMIT 1
I, [2022-03-10T16:06:20.174358 #276]  INFO -- : (0.000124s) PRAGMA table_info('posts')
I, [2022-03-10T16:06:20.175300 #276]  INFO -- : (0.000079s) PRAGMA table_info('post_tags')
I, [2022-03-10T16:06:20.175862 #276]  INFO -- : (0.000088s) PRAGMA table_info('tags')
I, [2022-03-10T16:06:20.176517 #276]  INFO -- : (0.000160s) PRAGMA table_info('users')
I, [2022-03-10T16:06:22.147388 #276]  INFO -- : (0.000187s) SELECT * FROM `posts`
I, [2022-03-10T16:06:22.157159 #276]  INFO -- : (0.000193s) SELECT * FROM `users` WHERE (`userID` = 1) LIMIT 1
I, [2022-03-10T16:06:22.157424 #276]  INFO -- : (0.000078s) SELECT * FROM `universities` WHERE (`universityID` = 239) LIMIT 1
I, [2022-03-10T16:06:28.631336 #276]  INFO -- : (0.000202s) SELECT * FROM `users` WHERE `userID` = 1
I, [2022-03-10T16:06:28.631697 #276]  INFO -- : (0.000121s) SELECT * FROM `posts` WHERE (`is_moderated` = 0)
I, [2022-03-10T16:06:28.633109 #276]  INFO -- : (0.000088s) SELECT * FROM `tags`
I, [2022-03-10T16:06:28.633331 #276]  INFO -- : (0.000069s) SELECT * FROM `universities` WHERE (`universityID` = 1) LIMIT 1
I, [2022-03-10T16:06:28.633470 #276]  INFO -- : (0.000078s) SELECT * FROM `users` WHERE `userID` = 7
I, [2022-03-10T16:06:30.731271 #276]  INFO -- : (0.000167s) SELECT * FROM `posts` WHERE `postID` = '2'
I, [2022-03-10T16:06:30.731482 #276]  INFO -- : (0.000096s) SELECT * FROM `users` WHERE `userID` = 7
I, [2022-03-10T16:06:30.732994 #276]  INFO -- : (0.000123s) SELECT * FROM `users` WHERE `userID` = 7
I, [2022-03-10T16:06:30.733243 #276]  INFO -- : (0.000070s) SELECT * FROM `universities` WHERE (`universityID` = 1) LIMIT 1
I, [2022-03-10T16:11:37.386178 #276]  INFO -- : (0.000177s) SELECT * FROM `posts` WHERE `postID` = '2'
I, [2022-03-10T16:11:37.386432 #276]  INFO -- : (0.000022s) BEGIN
I, [2022-03-10T16:11:37.391978 #276]  INFO -- : (0.005310s) UPDATE `posts` SET `is_moderated` = 1 WHERE (`postID` = 2)
I, [2022-03-10T16:11:37.452071 #276]  INFO -- : (0.059960s) COMMIT
I, [2022-03-10T16:11:37.589841 #276]  INFO -- : (0.000168s) SELECT * FROM `users` WHERE `userID` = 1
I, [2022-03-10T16:11:37.590161 #276]  INFO -- : (0.000122s) SELECT * FROM `posts` WHERE (`is_moderated` = 0)
I, [2022-03-10T16:11:37.591686 #276]  INFO -- : (0.000092s) SELECT * FROM `tags`
I, [2022-03-10T16:11:54.791435 #276]  INFO -- : (0.000169s) SELECT * FROM `posts`
I, [2022-03-10T16:11:54.792478 #276]  INFO -- : (0.000127s) SELECT * FROM `users` WHERE (`userID` = 1) LIMIT 1
I, [2022-03-10T16:11:54.792680 #276]  INFO -- : (0.000068s) SELECT * FROM `universities` WHERE (`universityID` = 239) LIMIT 1
I, [2022-03-10T16:11:54.792935 #276]  INFO -- : (0.000121s) SELECT * FROM `users` WHERE (`userID` = 1) LIMIT 1
I, [2022-03-10T16:11:54.793176 #276]  INFO -- : (0.000091s) SELECT * FROM `universities` WHERE (`universityID` = 239) LIMIT 1
I, [2022-03-10T16:19:22.420706 #350]  INFO -- : (0.000208s) PRAGMA foreign_keys = 1
I, [2022-03-10T16:19:22.420829 #350]  INFO -- : (0.000016s) PRAGMA case_sensitive_like = 1
I, [2022-03-10T16:19:22.421019 #350]  INFO -- : (0.000061s) SELECT sqlite_version()
I, [2022-03-10T16:19:22.421244 #350]  INFO -- : (0.000065s) SELECT NULL AS 'nil' FROM `tags` LIMIT 1
I, [2022-03-10T16:19:22.421432 #350]  INFO -- : (0.000056s) SELECT NULL AS 'nil' FROM `universities` LIMIT 1
I, [2022-03-10T16:19:22.421573 #350]  INFO -- : (0.000048s) SELECT NULL AS 'nil' FROM `users` LIMIT 1
I, [2022-03-10T16:19:22.421705 #350]  INFO -- : (0.000045s) SELECT NULL AS 'nil' FROM `posts` LIMIT 1
I, [2022-03-10T16:19:22.421836 #350]  INFO -- : (0.000046s) SELECT NULL AS 'nil' FROM `post_tags` LIMIT 1
I, [2022-03-10T16:19:22.421974 #350]  INFO -- : (0.000041s) SELECT NULL AS 'nil' FROM `deleted_users` LIMIT 1
I, [2022-03-10T16:19:22.422097 #350]  INFO -- : (0.000039s) SELECT NULL AS 'nil' FROM `deleted_posts` LIMIT 1
I, [2022-03-10T16:19:22.422221 #350]  INFO -- : (0.000043s) SELECT NULL AS 'nil' FROM `reported_posts` LIMIT 1
I, [2022-03-10T16:19:22.422351 #350]  INFO -- : (0.000047s) SELECT NULL AS 'nil' FROM `report_reasons` LIMIT 1
I, [2022-03-10T16:19:22.423090 #350]  INFO -- : (0.000162s) PRAGMA table_info('posts')
I, [2022-03-10T16:19:22.423904 #350]  INFO -- : (0.000078s) PRAGMA table_info('post_tags')
I, [2022-03-10T16:19:22.424425 #350]  INFO -- : (0.000073s) PRAGMA table_info('tags')
I, [2022-03-10T16:19:22.425101 #350]  INFO -- : (0.000117s) PRAGMA table_info('users')
I, [2022-03-10T16:19:24.933884 #350]  INFO -- : (0.000175s) SELECT * FROM `posts`
I, [2022-03-10T16:19:24.943160 #350]  INFO -- : (0.000153s) SELECT * FROM `users` WHERE (`userID` = 1) LIMIT 1
I, [2022-03-10T16:19:24.943406 #350]  INFO -- : (0.000074s) SELECT * FROM `universities` WHERE (`universityID` = 239) LIMIT 1
I, [2022-03-10T16:19:24.943647 #350]  INFO -- : (0.000112s) SELECT * FROM `users` WHERE (`userID` = 1) LIMIT 1
I, [2022-03-10T16:19:24.943854 #350]  INFO -- : (0.000085s) SELECT * FROM `universities` WHERE (`universityID` = 239) LIMIT 1
I, [2022-03-10T16:20:09.323972 #361]  INFO -- : (0.000237s) PRAGMA foreign_keys = 1
I, [2022-03-10T16:20:09.324070 #361]  INFO -- : (0.000015s) PRAGMA case_sensitive_like = 1
I, [2022-03-10T16:20:09.324249 #361]  INFO -- : (0.000057s) SELECT sqlite_version()
I, [2022-03-10T16:20:09.324458 #361]  INFO -- : (0.000063s) SELECT NULL AS 'nil' FROM `tags` LIMIT 1
I, [2022-03-10T16:20:09.324644 #361]  INFO -- : (0.000058s) SELECT NULL AS 'nil' FROM `universities` LIMIT 1
I, [2022-03-10T16:20:09.324808 #361]  INFO -- : (0.000057s) SELECT NULL AS 'nil' FROM `users` LIMIT 1
I, [2022-03-10T16:20:09.324950 #361]  INFO -- : (0.000047s) SELECT NULL AS 'nil' FROM `posts` LIMIT 1
I, [2022-03-10T16:20:09.325082 #361]  INFO -- : (0.000046s) SELECT NULL AS 'nil' FROM `post_tags` LIMIT 1
I, [2022-03-10T16:20:09.325225 #361]  INFO -- : (0.000042s) SELECT NULL AS 'nil' FROM `deleted_users` LIMIT 1
I, [2022-03-10T16:20:09.325348 #361]  INFO -- : (0.000039s) SELECT NULL AS 'nil' FROM `deleted_posts` LIMIT 1
I, [2022-03-10T16:20:09.325466 #361]  INFO -- : (0.000039s) SELECT NULL AS 'nil' FROM `reported_posts` LIMIT 1
I, [2022-03-10T16:20:09.325607 #361]  INFO -- : (0.000047s) SELECT NULL AS 'nil' FROM `report_reasons` LIMIT 1
I, [2022-03-10T16:20:09.326337 #361]  INFO -- : (0.000150s) PRAGMA table_info('posts')
I, [2022-03-10T16:20:09.327198 #361]  INFO -- : (0.000080s) PRAGMA table_info('post_tags')
I, [2022-03-10T16:20:09.327731 #361]  INFO -- : (0.000074s) PRAGMA table_info('tags')
I, [2022-03-10T16:20:09.328345 #361]  INFO -- : (0.000119s) PRAGMA table_info('users')
I, [2022-03-10T16:20:11.724190 #361]  INFO -- : (0.000177s) SELECT * FROM `posts`
I, [2022-03-10T16:20:11.735899 #361]  INFO -- : (0.000170s) SELECT * FROM `users` WHERE (`userID` = 1) LIMIT 1
I, [2022-03-10T16:20:11.736163 #361]  INFO -- : (0.000085s) SELECT * FROM `universities` WHERE (`universityID` = 239) LIMIT 1
I, [2022-03-10T16:20:11.736374 #361]  INFO -- : (0.000092s) SELECT * FROM `users` WHERE (`userID` = 1) LIMIT 1
I, [2022-03-10T16:20:11.736610 #361]  INFO -- : (0.000094s) SELECT * FROM `universities` WHERE (`universityID` = 239) LIMIT 1
I, [2022-03-10T16:20:57.839482 #372]  INFO -- : (0.000231s) PRAGMA foreign_keys = 1
I, [2022-03-10T16:20:57.839584 #372]  INFO -- : (0.000016s) PRAGMA case_sensitive_like = 1
I, [2022-03-10T16:20:57.839821 #372]  INFO -- : (0.000069s) SELECT sqlite_version()
I, [2022-03-10T16:20:57.840095 #372]  INFO -- : (0.000078s) SELECT NULL AS 'nil' FROM `tags` LIMIT 1
I, [2022-03-10T16:20:57.840322 #372]  INFO -- : (0.000070s) SELECT NULL AS 'nil' FROM `universities` LIMIT 1
I, [2022-03-10T16:20:57.840525 #372]  INFO -- : (0.000069s) SELECT NULL AS 'nil' FROM `users` LIMIT 1
I, [2022-03-10T16:20:57.840702 #372]  INFO -- : (0.000052s) SELECT NULL AS 'nil' FROM `posts` LIMIT 1
I, [2022-03-10T16:20:57.840898 #372]  INFO -- : (0.000056s) SELECT NULL AS 'nil' FROM `post_tags` LIMIT 1
I, [2022-03-10T16:20:57.841060 #372]  INFO -- : (0.000048s) SELECT NULL AS 'nil' FROM `deleted_users` LIMIT 1
I, [2022-03-10T16:20:57.841206 #372]  INFO -- : (0.000045s) SELECT NULL AS 'nil' FROM `deleted_posts` LIMIT 1
I, [2022-03-10T16:20:57.841348 #372]  INFO -- : (0.000044s) SELECT NULL AS 'nil' FROM `reported_posts` LIMIT 1
I, [2022-03-10T16:20:57.841517 #372]  INFO -- : (0.000051s) SELECT NULL AS 'nil' FROM `report_reasons` LIMIT 1
I, [2022-03-10T16:20:57.842212 #372]  INFO -- : (0.000121s) PRAGMA table_info('posts')
I, [2022-03-10T16:20:57.843174 #372]  INFO -- : (0.000080s) PRAGMA table_info('post_tags')
I, [2022-03-10T16:20:57.843880 #372]  INFO -- : (0.000115s) PRAGMA table_info('tags')
I, [2022-03-10T16:20:57.844532 #372]  INFO -- : (0.000130s) PRAGMA table_info('users')
I, [2022-03-10T16:21:01.109294 #372]  INFO -- : (0.000217s) SELECT * FROM `posts`
I, [2022-03-10T16:21:01.121123 #372]  INFO -- : (0.000193s) SELECT * FROM `users` WHERE (`userID` = 1) LIMIT 1
I, [2022-03-10T16:21:01.121428 #372]  INFO -- : (0.000090s) SELECT * FROM `universities` WHERE (`universityID` = 239) LIMIT 1
I, [2022-03-10T16:21:01.121671 #372]  INFO -- : (0.000108s) SELECT * FROM `users` WHERE (`userID` = 1) LIMIT 1
I, [2022-03-10T16:21:01.121846 #372]  INFO -- : (0.000069s) SELECT * FROM `universities` WHERE (`universityID` = 239) LIMIT 1
I, [2022-03-10T16:28:36.882860 #372]  INFO -- : (0.000311s) SELECT * FROM `posts`
I, [2022-03-10T16:28:36.884576 #372]  INFO -- : (0.000189s) SELECT * FROM `users` WHERE (`userID` = 1) LIMIT 1
I, [2022-03-10T16:28:36.884894 #372]  INFO -- : (0.000108s) SELECT * FROM `universities` WHERE (`universityID` = 239) LIMIT 1
I, [2022-03-10T16:28:36.885206 #372]  INFO -- : (0.000150s) SELECT * FROM `users` WHERE (`userID` = 1) LIMIT 1
I, [2022-03-10T16:28:36.885440 #372]  INFO -- : (0.000097s) SELECT * FROM `universities` WHERE (`universityID` = 239) LIMIT 1
I, [2022-03-14T00:57:48.894729 #134]  INFO -- : (0.003972s) PRAGMA foreign_keys = 1
I, [2022-03-14T00:57:48.897437 #134]  INFO -- : (0.000033s) PRAGMA case_sensitive_like = 1
I, [2022-03-14T00:57:48.897686 #134]  INFO -- : (0.000072s) SELECT sqlite_version()
E, [2022-03-14T00:57:48.897907 #134] ERROR -- : SQLite3::SQLException: no such table: tags: SELECT NULL AS 'nil' FROM `tags` LIMIT 1
I, [2022-03-14T00:57:48.964741 #134]  INFO -- : (0.066572s) CREATE TABLE `tags` (`tagID` integer NOT NULL PRIMARY KEY AUTOINCREMENT, `tag_name` varchar(255))
E, [2022-03-14T00:57:48.965059 #134] ERROR -- : SQLite3::SQLException: no such table: universities: SELECT NULL AS 'nil' FROM `universities` LIMIT 1
I, [2022-03-14T00:57:49.036546 #134]  INFO -- : (0.071230s) CREATE TABLE `universities` (`universityID` integer NOT NULL PRIMARY KEY AUTOINCREMENT, `university_name` varchar(255))
I, [2022-03-14T00:57:49.099151 #134]  INFO -- : (0.062026s) INSERT INTO `universities` (`university_name`) VALUES ('University of Aberdeen')
I, [2022-03-14T00:57:49.157681 #134]  INFO -- : (0.058287s) INSERT INTO `universities` (`university_name`) VALUES ('Abertay University')
I, [2022-03-14T00:57:49.219391 #134]  INFO -- : (0.061460s) INSERT INTO `universities` (`university_name`) VALUES ('Aberystwyth University')
I, [2022-03-14T00:57:49.286378 #134]  INFO -- : (0.066771s) INSERT INTO `universities` (`university_name`) VALUES ('The Academy of Contemporary Music')
I, [2022-03-14T00:57:49.352500 #134]  INFO -- : (0.065845s) INSERT INTO `universities` (`university_name`) VALUES ('Academy of Live and Recorded Arts')
I, [2022-03-14T00:57:49.413912 #134]  INFO -- : (0.061225s) INSERT INTO `universities` (`university_name`) VALUES ('Activate Learning')
I, [2022-03-14T00:57:49.476633 #134]  INFO -- : (0.062524s) INSERT INTO `universities` (`university_name`) VALUES ('Al-Maktoum College of Higher Education')
I, [2022-03-14T00:57:49.541276 #134]  INFO -- : (0.064466s) INSERT INTO `universities` (`university_name`) VALUES ('Amity University London')
I, [2022-03-14T00:57:49.599473 #134]  INFO -- : (0.057955s) INSERT INTO `universities` (`university_name`) VALUES ('Anglia Ruskin University')
I, [2022-03-14T00:57:49.662314 #134]  INFO -- : (0.062645s) INSERT INTO `universities` (`university_name`) VALUES ('AECC University College')
I, [2022-03-14T00:57:49.726818 #134]  INFO -- : (0.064273s) INSERT INTO `universities` (`university_name`) VALUES ('Architechtural Association School of Architecture')
I, [2022-03-14T00:57:49.792703 #134]  INFO -- : (0.065685s) INSERT INTO `universities` (`university_name`) VALUES ('Arden University')
I, [2022-03-14T00:57:49.849864 #134]  INFO -- : (0.056938s) INSERT INTO `universities` (`university_name`) VALUES ('Arts Educational Schools')
I, [2022-03-14T00:57:49.914088 #134]  INFO -- : (0.064026s) INSERT INTO `universities` (`university_name`) VALUES ('Arts University Bournemouth')
I, [2022-03-14T00:57:49.969073 #134]  INFO -- : (0.054766s) INSERT INTO `universities` (`university_name`) VALUES ('ARU London')
I, [2022-03-14T00:57:50.026923 #134]  INFO -- : (0.057608s) INSERT INTO `universities` (`university_name`) VALUES ('University Centre Askham Bryan')
I, [2022-03-14T00:57:50.087614 #134]  INFO -- : (0.060397s) INSERT INTO `universities` (`university_name`) VALUES ('Astone University Birmingham')
I, [2022-03-14T00:57:50.144440 #134]  INFO -- : (0.056583s) INSERT INTO `universities` (`university_name`) VALUES ('Backstage Academy')
I, [2022-03-14T00:57:50.201443 #134]  INFO -- : (0.056808s) INSERT INTO `universities` (`university_name`) VALUES ('Bangor University')
I, [2022-03-14T00:57:50.264633 #134]  INFO -- : (0.062896s) INSERT INTO `universities` (`university_name`) VALUES ('Barking an Dagenham College')
I, [2022-03-14T00:57:50.323936 #134]  INFO -- : (0.059029s) INSERT INTO `universities` (`university_name`) VALUES ('Barnet an Southgate College')
I, [2022-03-14T00:57:50.393484 #134]  INFO -- : (0.069374s) INSERT INTO `universities` (`university_name`) VALUES ('Barnfield College Luton')
I, [2022-03-14T00:57:50.458567 #134]  INFO -- : (0.064903s) INSERT INTO `universities` (`university_name`) VALUES ('Barnsley College Higher Education')
I, [2022-03-14T00:57:50.517848 #134]  INFO -- : (0.059043s) INSERT INTO `universities` (`university_name`) VALUES ('Bath Spa University')
I, [2022-03-14T00:57:50.580314 #134]  INFO -- : (0.062256s) INSERT INTO `universities` (`university_name`) VALUES ('Bath College')
I, [2022-03-14T00:57:50.646510 #134]  INFO -- : (0.066002s) INSERT INTO `universities` (`university_name`) VALUES ('University of Bath')
I, [2022-03-14T00:57:50.714390 #134]  INFO -- : (0.067701s) INSERT INTO `universities` (`university_name`) VALUES ('Bedford College Group')
I, [2022-03-14T00:57:50.772129 #134]  INFO -- : (0.057575s) INSERT INTO `universities` (`university_name`) VALUES ('University of Bedfordshire')
I, [2022-03-14T00:57:50.831281 #134]  INFO -- : (0.059000s) INSERT INTO `universities` (`university_name`) VALUES ('BIMM Institute')
I, [2022-03-14T00:57:50.898109 #134]  INFO -- : (0.066633s) INSERT INTO `universities` (`university_name`) VALUES ('Birkbeck University of London')
I, [2022-03-14T00:57:50.965293 #134]  INFO -- : (0.066945s) INSERT INTO `universities` (`university_name`) VALUES ('Birmingham City University')
I, [2022-03-14T00:57:51.028030 #134]  INFO -- : (0.062475s) INSERT INTO `universities` (`university_name`) VALUES ('Birmingham Metropolitan College')
I, [2022-03-14T00:57:51.087864 #134]  INFO -- : (0.059586s) INSERT INTO `universities` (`university_name`) VALUES ('University College Birmingham')
I, [2022-03-14T00:57:51.144928 #134]  INFO -- : (0.056815s) INSERT INTO `universities` (`university_name`) VALUES ('University of Birmingham')
I, [2022-03-14T00:57:51.209514 #134]  INFO -- : (0.064367s) INSERT INTO `universities` (`university_name`) VALUES ('Bishop Auckland College')
I, [2022-03-14T00:57:51.267769 #134]  INFO -- : (0.058014s) INSERT INTO `universities` (`university_name`) VALUES ('University Centre Bishop Burton')
I, [2022-03-14T00:57:51.327024 #134]  INFO -- : (0.058977s) INSERT INTO `universities` (`university_name`) VALUES ('Bishop Grosseteste University')
I, [2022-03-14T00:57:51.391938 #134]  INFO -- : (0.064685s) INSERT INTO `universities` (`university_name`) VALUES ('Blackburn College')
I, [2022-03-14T00:57:51.453704 #134]  INFO -- : (0.061528s) INSERT INTO `universities` (`university_name`) VALUES ('Blackpool and the Flyde College')
I, [2022-03-14T00:57:51.516178 #134]  INFO -- : (0.062242s) INSERT INTO `universities` (`university_name`) VALUES ('Bloomsbury Institute')
I, [2022-03-14T00:57:51.576514 #134]  INFO -- : (0.060050s) INSERT INTO `universities` (`university_name`) VALUES ('University of Bolton')
I, [2022-03-14T00:57:51.634973 #134]  INFO -- : (0.058198s) INSERT INTO `universities` (`university_name`) VALUES ('Bournemouth and Poole College')
I, [2022-03-14T00:57:51.693225 #134]  INFO -- : (0.058002s) INSERT INTO `universities` (`university_name`) VALUES ('Bournemouth University')
I, [2022-03-14T00:57:51.760643 #134]  INFO -- : (0.067152s) INSERT INTO `universities` (`university_name`) VALUES ('BPP University')
I, [2022-03-14T00:57:51.824984 #134]  INFO -- : (0.064104s) INSERT INTO `universities` (`university_name`) VALUES ('Bradford College')
I, [2022-03-14T00:57:51.889219 #134]  INFO -- : (0.063979s) INSERT INTO `universities` (`university_name`) VALUES ('University of Bradford')
I, [2022-03-14T00:57:51.954333 #134]  INFO -- : (0.064883s) INSERT INTO `universities` (`university_name`) VALUES ('Bridgend College')
I, [2022-03-14T00:57:52.018756 #134]  INFO -- : (0.064193s) INSERT INTO `universities` (`university_name`) VALUES ('University Centre Somerset - Bridgwater & Taunton College')
I, [2022-03-14T00:57:52.081278 #134]  INFO -- : (0.062280s) INSERT INTO `universities` (`university_name`) VALUES ('Brighton and Sussex Medical School')
I, [2022-03-14T00:57:52.140679 #134]  INFO -- : (0.059206s) INSERT INTO `universities` (`university_name`) VALUES ('University of Brighton')
I, [2022-03-14T00:57:52.202083 #134]  INFO -- : (0.061212s) INSERT INTO `universities` (`university_name`) VALUES ('Bristol Old Vic Theatre School')
I, [2022-03-14T00:57:52.262542 #134]  INFO -- : (0.060299s) INSERT INTO `universities` (`university_name`) VALUES ('City of Bristol College')
I, [2022-03-14T00:57:52.324216 #134]  INFO -- : (0.061470s) INSERT INTO `universities` (`university_name`) VALUES ('Trinity College Bristol')
I, [2022-03-14T00:57:52.382730 #134]  INFO -- : (0.058335s) INSERT INTO `universities` (`university_name`) VALUES ('University of Bristol')
I, [2022-03-14T00:57:52.441930 #134]  INFO -- : (0.058972s) INSERT INTO `universities` (`university_name`) VALUES ('University of the West of England Bristol')
I, [2022-03-14T00:57:52.505672 #134]  INFO -- : (0.063504s) INSERT INTO `universities` (`university_name`) VALUES ('British College of Osteopathic Medicine')
I, [2022-03-14T00:57:52.564531 #134]  INFO -- : (0.058573s) INSERT INTO `universities` (`university_name`) VALUES ('Brooklands College')
I, [2022-03-14T00:57:52.624149 #134]  INFO -- : (0.059424s) INSERT INTO `universities` (`university_name`) VALUES ('Brunel University London')
I, [2022-03-14T00:57:52.690454 #134]  INFO -- : (0.066099s) INSERT INTO `universities` (`university_name`) VALUES ('University of Buckingham')
I, [2022-03-14T00:57:52.750861 #134]  INFO -- : (0.060150s) INSERT INTO `universities` (`university_name`) VALUES ('Buckinghamshire New University')
I, [2022-03-14T00:57:52.821638 #134]  INFO -- : (0.070567s) INSERT INTO `universities` (`university_name`) VALUES ('Burnley College')
I, [2022-03-14T00:57:52.881527 #134]  INFO -- : (0.059637s) INSERT INTO `universities` (`university_name`) VALUES ('Bury College')
I, [2022-03-14T00:57:52.938756 #134]  INFO -- : (0.056917s) INSERT INTO `universities` (`university_name`) VALUES ('Cambridge Regional College')
I, [2022-03-14T00:57:52.999402 #134]  INFO -- : (0.060417s) INSERT INTO `universities` (`university_name`) VALUES ('Cambridge School of Visual and Performing Arts')
I, [2022-03-14T00:57:53.061576 #134]  INFO -- : (0.061854s) INSERT INTO `universities` (`university_name`) VALUES ('University of Cambridge')
I, [2022-03-14T00:57:53.122912 #134]  INFO -- : (0.061040s) INSERT INTO `universities` (`university_name`) VALUES ('Canterybury Christ Church University')
I, [2022-03-14T00:57:53.186483 #134]  INFO -- : (0.063315s) INSERT INTO `universities` (`university_name`) VALUES ('Cardiff and Vale College')
I, [2022-03-14T00:57:53.256522 #134]  INFO -- : (0.069695s) INSERT INTO `universities` (`university_name`) VALUES ('Cardiff Metropolitan University')
I, [2022-03-14T00:57:53.313946 #134]  INFO -- : (0.057186s) INSERT INTO `universities` (`university_name`) VALUES ('Cardiff University')
I, [2022-03-14T00:57:53.381552 #134]  INFO -- : (0.067383s) INSERT INTO `universities` (`university_name`) VALUES ('Central Bedfordshire College')
I, [2022-03-14T00:57:53.439249 #134]  INFO -- : (0.057441s) INSERT INTO `universities` (`university_name`) VALUES ('Central Film School London')
I, [2022-03-14T00:57:53.496905 #134]  INFO -- : (0.057433s) INSERT INTO `universities` (`university_name`) VALUES ('University of Central Lancashire')
I, [2022-03-14T00:57:53.558849 #134]  INFO -- : (0.061693s) INSERT INTO `universities` (`university_name`) VALUES ('Centre for Alternative Technology')
I, [2022-03-14T00:57:53.622318 #134]  INFO -- : (0.063227s) INSERT INTO `universities` (`university_name`) VALUES ('University of Chester ')
I, [2022-03-14T00:57:53.684344 #134]  INFO -- : (0.061757s) INSERT INTO `universities` (`university_name`) VALUES ('Chesterfield College')
I, [2022-03-14T00:57:53.747415 #134]  INFO -- : (0.062858s) INSERT INTO `universities` (`university_name`) VALUES ('Chichester College Group')
I, [2022-03-14T00:57:53.808324 #134]  INFO -- : (0.060694s) INSERT INTO `universities` (`university_name`) VALUES ('University of Chichester')
I, [2022-03-14T00:57:53.869667 #134]  INFO -- : (0.061075s) INSERT INTO `universities` (`university_name`) VALUES ('City & Guilds of London Arts School')
I, [2022-03-14T00:57:53.930221 #134]  INFO -- : (0.060317s) INSERT INTO `universities` (`university_name`) VALUES ('City College Norwich')
I, [2022-03-14T00:57:53.992064 #134]  INFO -- : (0.061614s) INSERT INTO `universities` (`university_name`) VALUES ('City University of London')
I, [2022-03-14T00:57:54.055310 #134]  INFO -- : (0.063029s) INSERT INTO `universities` (`university_name`) VALUES ('Cliff College')
I, [2022-03-14T00:57:54.121135 #134]  INFO -- : (0.065593s) INSERT INTO `universities` (`university_name`) VALUES ('University Centre Colchester at Colchester Institute')
I, [2022-03-14T00:57:54.184603 #134]  INFO -- : (0.063254s) INSERT INTO `universities` (`university_name`) VALUES ('College of Agriculture, Food and Rural Enterprise')
I, [2022-03-14T00:57:54.244478 #134]  INFO -- : (0.059681s) INSERT INTO `universities` (`university_name`) VALUES ('College of Esports')
I, [2022-03-14T00:57:54.307003 #134]  INFO -- : (0.062304s) INSERT INTO `universities` (`university_name`) VALUES ('Community Revival')
I, [2022-03-14T00:57:54.371990 #134]  INFO -- : (0.064759s) INSERT INTO `universities` (`university_name`) VALUES ('Condé Nast College of Fashion & Design')
I, [2022-03-14T00:57:54.432215 #134]  INFO -- : (0.059964s) INSERT INTO `universities` (`university_name`) VALUES ('Cornwall College')
I, [2022-03-14T00:57:54.492827 #134]  INFO -- : (0.060346s) INSERT INTO `universities` (`university_name`) VALUES ('Courtauld Institute of Art University of London')
I, [2022-03-14T00:57:54.557339 #134]  INFO -- : (0.064259s) INSERT INTO `universities` (`university_name`) VALUES ('Coventry University')
I, [2022-03-14T00:57:54.615301 #134]  INFO -- : (0.057716s) INSERT INTO `universities` (`university_name`) VALUES ('Coventry College')
I, [2022-03-14T00:57:54.677152 #134]  INFO -- : (0.061626s) INSERT INTO `universities` (`university_name`) VALUES ('Cranfield University')
I, [2022-03-14T00:57:54.740253 #134]  INFO -- : (0.062875s) INSERT INTO `universities` (`university_name`) VALUES ('Craven College')
I, [2022-03-14T00:57:54.805796 #134]  INFO -- : (0.065376s) INSERT INTO `universities` (`university_name`) VALUES ('University for the Creative Arts')
I, [2022-03-14T00:57:54.866985 #134]  INFO -- : (0.061010s) INSERT INTO `universities` (`university_name`) VALUES ('Croydon University Centre')
I, [2022-03-14T00:57:54.928376 #134]  INFO -- : (0.061228s) INSERT INTO `universities` (`university_name`) VALUES ('University of Cumbria')
I, [2022-03-14T00:57:54.991518 #134]  INFO -- : (0.062870s) INSERT INTO `universities` (`university_name`) VALUES ('Dartington Trust')
I, [2022-03-14T00:57:55.050580 #134]  INFO -- : (0.058912s) INSERT INTO `universities` (`university_name`) VALUES ('David Game College Higher Education Centre')
I, [2022-03-14T00:57:55.113116 #134]  INFO -- : (0.062390s) INSERT INTO `universities` (`university_name`) VALUES ('De Montfort University')
I, [2022-03-14T00:57:55.174288 #134]  INFO -- : (0.061041s) INSERT INTO `universities` (`university_name`) VALUES ('Derby College')
I, [2022-03-14T00:57:55.240740 #134]  INFO -- : (0.066265s) INSERT INTO `universities` (`university_name`) VALUES ('University of Derby')
I, [2022-03-14T00:57:55.307263 #134]  INFO -- : (0.066359s) INSERT INTO `universities` (`university_name`) VALUES ('DN Colleges Group')
I, [2022-03-14T00:57:55.371855 #134]  INFO -- : (0.064423s) INSERT INTO `universities` (`university_name`) VALUES ('Dudley College')
I, [2022-03-14T00:57:55.437386 #134]  INFO -- : (0.065371s) INSERT INTO `universities` (`university_name`) VALUES ('University of Dundee')
I, [2022-03-14T00:57:55.501788 #134]  INFO -- : (0.064203s) INSERT INTO `universities` (`university_name`) VALUES ('Durham University')
I, [2022-03-14T00:57:55.565293 #134]  INFO -- : (0.063316s) INSERT INTO `universities` (`university_name`) VALUES ('New College Durham')
I, [2022-03-14T00:57:55.629657 #134]  INFO -- : (0.064193s) INSERT INTO `universities` (`university_name`) VALUES ('Dyslexia Action')
I, [2022-03-14T00:57:55.690518 #134]  INFO -- : (0.060672s) INSERT INTO `universities` (`university_name`) VALUES ('East 15 Acting School')
I, [2022-03-14T00:57:55.754638 #134]  INFO -- : (0.063796s) INSERT INTO `universities` (`university_name`) VALUES ('University of East Anglia')
I, [2022-03-14T00:57:55.825567 #134]  INFO -- : (0.070791s) INSERT INTO `universities` (`university_name`) VALUES ('EKC Group')
I, [2022-03-14T00:57:55.892087 #134]  INFO -- : (0.066383s) INSERT INTO `universities` (`university_name`) VALUES ('University of East London')
I, [2022-03-14T00:57:55.952906 #134]  INFO -- : (0.060557s) INSERT INTO `universities` (`university_name`) VALUES ('East Riding College')
I, [2022-03-14T00:57:56.011254 #134]  INFO -- : (0.058205s) INSERT INTO `universities` (`university_name`) VALUES ('East Surrey College')
I, [2022-03-14T00:57:56.073770 #134]  INFO -- : (0.062380s) INSERT INTO `universities` (`university_name`) VALUES ('East Sussex College')
I, [2022-03-14T00:57:56.140645 #134]  INFO -- : (0.066708s) INSERT INTO `universities` (`university_name`) VALUES ('Edge Hill University')
I, [2022-03-14T00:57:56.203267 #134]  INFO -- : (0.062461s) INSERT INTO `universities` (`university_name`) VALUES ('Edinburgh Napier University')
I, [2022-03-14T00:57:56.263851 #134]  INFO -- : (0.060296s) INSERT INTO `universities` (`university_name`) VALUES ('The University of Edinburgh')
I, [2022-03-14T00:57:56.326766 #134]  INFO -- : (0.062728s) INSERT INTO `universities` (`university_name`) VALUES ('ESCP Business School')
I, [2022-03-14T00:57:56.387924 #134]  INFO -- : (0.060964s) INSERT INTO `universities` (`university_name`) VALUES ('University of Essex')
I, [2022-03-14T00:57:56.446880 #134]  INFO -- : (0.058633s) INSERT INTO `universities` (`university_name`) VALUES ('European School of Osteopathy')
I, [2022-03-14T00:57:56.506914 #134]  INFO -- : (0.059868s) INSERT INTO `universities` (`university_name`) VALUES ('Exeter College')
I, [2022-03-14T00:57:56.566825 #134]  INFO -- : (0.059744s) INSERT INTO `universities` (`university_name`) VALUES ('University of Exeter')
I, [2022-03-14T00:57:56.624914 #134]  INFO -- : (0.057918s) INSERT INTO `universities` (`university_name`) VALUES ('Falmouth University')
I, [2022-03-14T00:57:56.685093 #134]  INFO -- : (0.060041s) INSERT INTO `universities` (`university_name`) VALUES ('University Centre Farnborough')
I, [2022-03-14T00:57:56.748381 #134]  INFO -- : (0.063144s) INSERT INTO `universities` (`university_name`) VALUES ('Fashion Retail Academy')
I, [2022-03-14T00:57:56.815582 #134]  INFO -- : (0.067038s) INSERT INTO `universities` (`university_name`) VALUES ('Furness College')
I, [2022-03-14T00:57:56.876463 #134]  INFO -- : (0.060746s) INSERT INTO `universities` (`university_name`) VALUES ('Futureworks')
I, [2022-03-14T00:57:56.936651 #134]  INFO -- : (0.060037s) INSERT INTO `universities` (`university_name`) VALUES ('Gateshead College')
I, [2022-03-14T00:57:56.996772 #134]  INFO -- : (0.059967s) INSERT INTO `universities` (`university_name`) VALUES ('Glasgow Caledonian University')
I, [2022-03-14T00:57:57.055992 #134]  INFO -- : (0.059003s) INSERT INTO `universities` (`university_name`) VALUES ('City of Glasgow College')
I, [2022-03-14T00:57:57.116190 #134]  INFO -- : (0.059914s) INSERT INTO `universities` (`university_name`) VALUES ('Glasgow School of Art')
I, [2022-03-14T00:57:57.176984 #134]  INFO -- : (0.060627s) INSERT INTO `universities` (`university_name`) VALUES ('University of Glasgow')
I, [2022-03-14T00:57:57.240694 #134]  INFO -- : (0.063566s) INSERT INTO `universities` (`university_name`) VALUES ('Gloucestershire College')
I, [2022-03-14T00:57:57.299324 #134]  INFO -- : (0.058498s) INSERT INTO `universities` (`university_name`) VALUES ('University of Gloucestershire')
I, [2022-03-14T00:57:57.360200 #134]  INFO -- : (0.060730s) INSERT INTO `universities` (`university_name`) VALUES ('Glyndwr University Wrexham')
I, [2022-03-14T00:57:57.422857 #134]  INFO -- : (0.062432s) INSERT INTO `universities` (`university_name`) VALUES ('Goldsmiths University of London')
I, [2022-03-14T00:57:57.485231 #134]  INFO -- : (0.062139s) INSERT INTO `universities` (`university_name`) VALUES ('Gower College Swansea')
I, [2022-03-14T00:57:57.550840 #134]  INFO -- : (0.065378s) INSERT INTO `universities` (`university_name`) VALUES ('Greater Brighton Metropolitan College')
I, [2022-03-14T00:57:57.613530 #134]  INFO -- : (0.062452s) INSERT INTO `universities` (`university_name`) VALUES ('University of Greenwich')
I, [2022-03-14T00:57:57.674175 #134]  INFO -- : (0.060363s) INSERT INTO `universities` (`university_name`) VALUES ('Halesowen College')
I, [2022-03-14T00:57:57.733884 #134]  INFO -- : (0.059517s) INSERT INTO `universities` (`university_name`) VALUES ('Harlow College')
I, [2022-03-14T00:57:57.791842 #134]  INFO -- : (0.057812s) INSERT INTO `universities` (`university_name`) VALUES ('Harper Adams University')
I, [2022-03-14T00:57:57.852285 #134]  INFO -- : (0.060301s) INSERT INTO `universities` (`university_name`) VALUES ('Harper and Keele Veterinary School')
I, [2022-03-14T00:57:57.916305 #134]  INFO -- : (0.063833s) INSERT INTO `universities` (`university_name`) VALUES ('Hartpury University')
I, [2022-03-14T00:57:57.978063 #134]  INFO -- : (0.061561s) INSERT INTO `universities` (`university_name`) VALUES ('Havant and South Downs College')
I, [2022-03-14T00:57:58.034762 #134]  INFO -- : (0.056492s) INSERT INTO `universities` (`university_name`) VALUES ('New City College')
I, [2022-03-14T00:57:58.095404 #134]  INFO -- : (0.060358s) INSERT INTO `universities` (`university_name`) VALUES ('Haybridge Alliance School Centred Initial Teacher Training')
I, [2022-03-14T00:57:58.155062 #134]  INFO -- : (0.059388s) INSERT INTO `universities` (`university_name`) VALUES ('HCUC')
I, [2022-03-14T00:57:58.216594 #134]  INFO -- : (0.061264s) INSERT INTO `universities` (`university_name`) VALUES ('Heart of Worcestershire College')
I, [2022-03-14T00:57:58.276821 #134]  INFO -- : (0.059981s) INSERT INTO `universities` (`university_name`) VALUES ('Hereford College of Arts')
I, [2022-03-14T00:57:58.339926 #134]  INFO -- : (0.062843s) INSERT INTO `universities` (`university_name`) VALUES ('Heriot-Watt University')
I, [2022-03-14T00:57:58.404478 #134]  INFO -- : (0.064301s) INSERT INTO `universities` (`university_name`) VALUES ('Hertford Regional College')
I, [2022-03-14T00:57:58.464769 #134]  INFO -- : (0.060066s) INSERT INTO `universities` (`university_name`) VALUES ('University of Hertfordshire')
I, [2022-03-14T00:57:58.524953 #134]  INFO -- : (0.059915s) INSERT INTO `universities` (`university_name`) VALUES ('University of the Highlands and Islands')
I, [2022-03-14T00:57:58.585561 #134]  INFO -- : (0.060366s) INSERT INTO `universities` (`university_name`) VALUES ('Holy Cross Sixth Form College and University Centre')
I, [2022-03-14T00:57:58.644850 #134]  INFO -- : (0.059120s) INSERT INTO `universities` (`university_name`) VALUES ('Hopwood Hall College')
I, [2022-03-14T00:57:58.703092 #134]  INFO -- : (0.058071s) INSERT INTO `universities` (`university_name`) VALUES ('University of Huddersfield')
I, [2022-03-14T00:57:58.765536 #134]  INFO -- : (0.062237s) INSERT INTO `universities` (`university_name`) VALUES ('Hugh Baird College')
I, [2022-03-14T00:57:58.824923 #134]  INFO -- : (0.059220s) INSERT INTO `universities` (`university_name`) VALUES ('Hull College')
I, [2022-03-14T00:57:58.884956 #134]  INFO -- : (0.059853s) INSERT INTO `universities` (`university_name`) VALUES ('Hull York Medical School')
I, [2022-03-14T00:57:58.947231 #134]  INFO -- : (0.062118s) INSERT INTO `universities` (`university_name`) VALUES ('University of Hull')
I, [2022-03-14T00:57:59.007802 #134]  INFO -- : (0.060404s) INSERT INTO `universities` (`university_name`) VALUES ('Hult International Business School')
I, [2022-03-14T00:57:59.065153 #134]  INFO -- : (0.057187s) INSERT INTO `universities` (`university_name`) VALUES ('ICON College of Technology and Management')
I, [2022-03-14T00:57:59.125315 #134]  INFO -- : (0.059973s) INSERT INTO `universities` (`university_name`) VALUES ('Imperial College London')
I, [2022-03-14T00:57:59.185209 #134]  INFO -- : (0.059752s) INSERT INTO `universities` (`university_name`) VALUES ('Institute of Contemporary Music Performance')
I, [2022-03-14T00:57:59.244425 #134]  INFO -- : (0.059033s) INSERT INTO `universities` (`university_name`) VALUES ('Institute of Development Studies')
I, [2022-03-14T00:57:59.305910 #134]  INFO -- : (0.061335s) INSERT INTO `universities` (`university_name`) VALUES ('Institute of Modern Languages Research')
I, [2022-03-14T00:57:59.365798 #134]  INFO -- : (0.059701s) INSERT INTO `universities` (`university_name`) VALUES ('Irish Baptist College')
I, [2022-03-14T00:57:59.424808 #134]  INFO -- : (0.058854s) INSERT INTO `universities` (`university_name`) VALUES ('Islamic College for Advanced Studies')
I, [2022-03-14T00:57:59.489701 #134]  INFO -- : (0.064765s) INSERT INTO `universities` (`university_name`) VALUES ('Istituto Marangoni London')
I, [2022-03-14T00:57:59.548978 #134]  INFO -- : (0.059102s) INSERT INTO `universities` (`university_name`) VALUES ('JCA | London Fashion Academy')
I, [2022-03-14T00:57:59.613363 #134]  INFO -- : (0.064097s) INSERT INTO `universities` (`university_name`) VALUES ('Keele University')
I, [2022-03-14T00:57:59.676898 #134]  INFO -- : (0.063390s) INSERT INTO `universities` (`university_name`) VALUES ('Kent and Medway Medical School')
I, [2022-03-14T00:57:59.738848 #134]  INFO -- : (0.061814s) INSERT INTO `universities` (`university_name`) VALUES ('University of Kent')
I, [2022-03-14T00:57:59.802549 #134]  INFO -- : (0.063526s) INSERT INTO `universities` (`university_name`) VALUES ('King Stage')
I, [2022-03-14T00:57:59.868460 #134]  INFO -- : (0.065557s) INSERT INTO `universities` (`university_name`) VALUES ('King''s College London')
I, [2022-03-14T00:57:59.933795 #134]  INFO -- : (0.065121s) INSERT INTO `universities` (`university_name`) VALUES ('Kingston Maurward College')
I, [2022-03-14T00:57:59.997255 #134]  INFO -- : (0.063310s) INSERT INTO `universities` (`university_name`) VALUES ('Kingston University')
I, [2022-03-14T00:58:00.062859 #134]  INFO -- : (0.065341s) INSERT INTO `universities` (`university_name`) VALUES ('KLC School of Design')
I, [2022-03-14T00:58:00.124813 #134]  INFO -- : (0.061825s) INSERT INTO `universities` (`university_name`) VALUES ('London Academy of Music and Dramatic Art')
I, [2022-03-14T00:58:00.191151 #134]  INFO -- : (0.066220s) INSERT INTO `universities` (`university_name`) VALUES ('Lancaster University')
I, [2022-03-14T00:58:00.252664 #134]  INFO -- : (0.061393s) INSERT INTO `universities` (`university_name`) VALUES ('The University of Law')
I, [2022-03-14T00:58:00.313868 #134]  INFO -- : (0.061081s) INSERT INTO `universities` (`university_name`) VALUES ('London College of Creative Media')
I, [2022-03-14T00:58:00.375794 #134]  INFO -- : (0.061772s) INSERT INTO `universities` (`university_name`) VALUES ('Leeds Arts University')
I, [2022-03-14T00:58:00.436512 #134]  INFO -- : (0.060575s) INSERT INTO `universities` (`university_name`) VALUES ('Leeds Beckett University')
I, [2022-03-14T00:58:00.498778 #134]  INFO -- : (0.062078s) INSERT INTO `universities` (`university_name`) VALUES ('University Centre Leeds')
I, [2022-03-14T00:58:00.564854 #134]  INFO -- : (0.065795s) INSERT INTO `universities` (`university_name`) VALUES ('Leeds Conservatoire')
I, [2022-03-14T00:58:00.624372 #134]  INFO -- : (0.059272s) INSERT INTO `universities` (`university_name`) VALUES ('Leeds Trinity University')
I, [2022-03-14T00:58:00.686775 #134]  INFO -- : (0.062157s) INSERT INTO `universities` (`university_name`) VALUES ('University of Leeds')
I, [2022-03-14T00:58:00.751304 #134]  INFO -- : (0.064344s) INSERT INTO `universities` (`university_name`) VALUES ('Leicester College')
I, [2022-03-14T00:58:00.814281 #134]  INFO -- : (0.062821s) INSERT INTO `universities` (`university_name`) VALUES ('University of Leicester')
I, [2022-03-14T00:58:00.878927 #134]  INFO -- : (0.064494s) INSERT INTO `universities` (`university_name`) VALUES ('Lincoln College')
I, [2022-03-14T00:58:00.941364 #134]  INFO -- : (0.062289s) INSERT INTO `universities` (`university_name`) VALUES ('University of Lincoln')
I, [2022-03-14T00:58:01.002783 #134]  INFO -- : (0.061269s) INSERT INTO `universities` (`university_name`) VALUES ('City of Liverpool College University Centre')
I, [2022-03-14T00:58:01.065193 #134]  INFO -- : (0.062185s) INSERT INTO `universities` (`university_name`) VALUES ('Liverpool Hope University')
I, [2022-03-14T00:58:01.130791 #134]  INFO -- : (0.065428s) INSERT INTO `universities` (`university_name`) VALUES ('Liverpool Institute for Performing Arts')
I, [2022-03-14T00:58:01.199637 #134]  INFO -- : (0.068626s) INSERT INTO `universities` (`university_name`) VALUES ('Liverpool John Moores University')
I, [2022-03-14T00:58:01.262650 #134]  INFO -- : (0.062783s) INSERT INTO `universities` (`university_name`) VALUES ('Liverpool School of Tropical Medicine')
I, [2022-03-14T00:58:01.329573 #134]  INFO -- : (0.066715s) INSERT INTO `universities` (`university_name`) VALUES ('University of Liverpool')
I, [2022-03-14T00:58:01.392680 #134]  INFO -- : (0.062868s) INSERT INTO `universities` (`university_name`) VALUES ('LMA')
I, [2022-03-14T00:58:01.458713 #134]  INFO -- : (0.065756s) INSERT INTO `universities` (`university_name`) VALUES ('London Business School')
I, [2022-03-14T00:58:01.521531 #134]  INFO -- : (0.062531s) INSERT INTO `universities` (`university_name`) VALUES ('London College')
I, [2022-03-14T00:58:01.583252 #134]  INFO -- : (0.061451s) INSERT INTO `universities` (`university_name`) VALUES ('London College of Contemporary Arts')
I, [2022-03-14T00:58:01.643105 #134]  INFO -- : (0.059544s) INSERT INTO `universities` (`university_name`) VALUES ('London Film Academy')
I, [2022-03-14T00:58:01.706771 #134]  INFO -- : (0.063409s) INSERT INTO `universities` (`university_name`) VALUES ('The London Institute of Banking & Finance')
I, [2022-03-14T00:58:01.771042 #134]  INFO -- : (0.063998s) INSERT INTO `universities` (`university_name`) VALUES ('London Metropolitan University')
I, [2022-03-14T00:58:01.835131 #134]  INFO -- : (0.063794s) INSERT INTO `universities` (`university_name`) VALUES ('London School of Economics and Political Science')
I, [2022-03-14T00:58:01.893600 #134]  INFO -- : (0.058181s) INSERT INTO `universities` (`university_name`) VALUES ('London School of Hygiene & Tropical Medicine')
I, [2022-03-14T00:58:01.952978 #134]  INFO -- : (0.059142s) INSERT INTO `universities` (`university_name`) VALUES ('London School of Management Education')
I, [2022-03-14T00:58:02.010183 #134]  INFO -- : (0.056914s) INSERT INTO `universities` (`university_name`) VALUES ('London South Bank University')
I, [2022-03-14T00:58:02.066686 #134]  INFO -- : (0.056228s) INSERT INTO `universities` (`university_name`) VALUES ('London South East Colleges')
I, [2022-03-14T00:58:02.127989 #134]  INFO -- : (0.061035s) INSERT INTO `universities` (`university_name`) VALUES ('Loughborough College')
I, [2022-03-14T00:58:02.188569 #134]  INFO -- : (0.060305s) INSERT INTO `universities` (`university_name`) VALUES ('Loughborough University')
I, [2022-03-14T00:58:02.250141 #134]  INFO -- : (0.061310s) INSERT INTO `universities` (`university_name`) VALUES ('Manchester Metropolitan University')
I, [2022-03-14T00:58:02.311993 #134]  INFO -- : (0.061627s) INSERT INTO `universities` (`university_name`) VALUES ('University of Manchester')
I, [2022-03-14T00:58:02.373936 #134]  INFO -- : (0.061715s) INSERT INTO `universities` (`university_name`) VALUES ('McTimoney College of Chiropractic')
I, [2022-03-14T00:58:02.434485 #134]  INFO -- : (0.060304s) INSERT INTO `universities` (`university_name`) VALUES ('Medway School of Pharmacy')
I, [2022-03-14T00:58:02.495581 #134]  INFO -- : (0.060802s) INSERT INTO `universities` (`university_name`) VALUES ('Met Film School')
I, [2022-03-14T00:58:02.560364 #134]  INFO -- : (0.064548s) INSERT INTO `universities` (`university_name`) VALUES ('Middlesbrough College')
I, [2022-03-14T00:58:02.624924 #134]  INFO -- : (0.064312s) INSERT INTO `universities` (`university_name`) VALUES ('Middlesex University')
I, [2022-03-14T00:58:02.688752 #134]  INFO -- : (0.063567s) INSERT INTO `universities` (`university_name`) VALUES ('Morley College London')
I, [2022-03-14T00:58:02.749723 #134]  INFO -- : (0.060754s) INSERT INTO `universities` (`university_name`) VALUES ('Moulton College')
I, [2022-03-14T00:58:02.808259 #134]  INFO -- : (0.058305s) INSERT INTO `universities` (`university_name`) VALUES ('University Centre Myerscough')
I, [2022-03-14T00:58:02.870231 #134]  INFO -- : (0.061746s) INSERT INTO `universities` (`university_name`) VALUES ('National Film and Television School')
I, [2022-03-14T00:58:02.930856 #134]  INFO -- : (0.060399s) INSERT INTO `universities` (`university_name`) VALUES ('Nazarene Theological College')
I, [2022-03-14T00:58:02.993941 #134]  INFO -- : (0.062804s) INSERT INTO `universities` (`university_name`) VALUES ('Nelson and Colne College Group')
I, [2022-03-14T00:58:03.057183 #134]  INFO -- : (0.063022s) INSERT INTO `universities` (`university_name`) VALUES ('NESCOT')
I, [2022-03-14T00:58:03.120702 #134]  INFO -- : (0.063244s) INSERT INTO `universities` (`university_name`) VALUES ('New College of the Humanities')
I, [2022-03-14T00:58:03.185248 #134]  INFO -- : (0.064282s) INSERT INTO `universities` (`university_name`) VALUES ('New Model Institute for Technology and Engineering')
I, [2022-03-14T00:58:03.240967 #134]  INFO -- : (0.055487s) INSERT INTO `universities` (`university_name`) VALUES ('New School of Psychotherapy and Counselling')
I, [2022-03-14T00:58:03.306808 #134]  INFO -- : (0.065613s) INSERT INTO `universities` (`university_name`) VALUES ('Newbold College')
I, [2022-03-14T00:58:03.369835 #134]  INFO -- : (0.062755s) INSERT INTO `universities` (`university_name`) VALUES ('Newcastle College University Centre')
I, [2022-03-14T00:58:03.433117 #134]  INFO -- : (0.063054s) INSERT INTO `universities` (`university_name`) VALUES ('Newcastle University')
I, [2022-03-14T00:58:03.494662 #134]  INFO -- : (0.061271s) INSERT INTO `universities` (`university_name`) VALUES ('Newman University Birmingham')
I, [2022-03-14T00:58:03.553298 #134]  INFO -- : (0.058378s) INSERT INTO `universities` (`university_name`) VALUES ('Norland')
I, [2022-03-14T00:58:03.612739 #134]  INFO -- : (0.059175s) INSERT INTO `universities` (`university_name`) VALUES ('North Hertfordshire College')
I, [2022-03-14T00:58:03.674444 #134]  INFO -- : (0.061480s) INSERT INTO `universities` (`university_name`) VALUES ('North Kent College')
I, [2022-03-14T00:58:03.734021 #134]  INFO -- : (0.059270s) INSERT INTO `universities` (`university_name`) VALUES ('North Warwickshire and South Leicestershire College')
I, [2022-03-14T00:58:03.793318 #134]  INFO -- : (0.059030s) INSERT INTO `universities` (`university_name`) VALUES ('University of Northampton')
I, [2022-03-14T00:58:03.852012 #134]  INFO -- : (0.058460s) INSERT INTO `universities` (`university_name`) VALUES ('Northern College of Acupuncture')
I, [2022-03-14T00:58:03.914188 #134]  INFO -- : (0.061917s) INSERT INTO `universities` (`university_name`) VALUES ('The Northern School of Art')
I, [2022-03-14T00:58:03.972269 #134]  INFO -- : (0.057795s) INSERT INTO `universities` (`university_name`) VALUES ('Northern School of Contemporary Dance')
I, [2022-03-14T00:58:04.036525 #134]  INFO -- : (0.063984s) INSERT INTO `universities` (`university_name`) VALUES ('Northumbria University Newcastle')
I, [2022-03-14T00:58:04.098793 #134]  INFO -- : (0.062009s) INSERT INTO `universities` (`university_name`) VALUES ('Norwich University of the Arts')
I, [2022-03-14T00:58:04.160410 #134]  INFO -- : (0.061350s) INSERT INTO `universities` (`university_name`) VALUES ('Nottingham Trent University')
I, [2022-03-14T00:58:04.221115 #134]  INFO -- : (0.060439s) INSERT INTO `universities` (`university_name`) VALUES ('Nottingham College')
I, [2022-03-14T00:58:04.281079 #134]  INFO -- : (0.059735s) INSERT INTO `universities` (`university_name`) VALUES ('University of Nottingham')
I, [2022-03-14T00:58:04.340326 #134]  INFO -- : (0.058943s) INSERT INTO `universities` (`university_name`) VALUES ('NPTC Group')
I, [2022-03-14T00:58:04.401292 #134]  INFO -- : (0.060719s) INSERT INTO `universities` (`university_name`) VALUES ('Oak Hill Theological College')
I, [2022-03-14T00:58:04.459036 #134]  INFO -- : (0.057496s) INSERT INTO `universities` (`university_name`) VALUES ('University Campus Oldham')
I, [2022-03-14T00:58:04.523040 #134]  INFO -- : (0.063771s) INSERT INTO `universities` (`university_name`) VALUES ('Open University')
I, [2022-03-14T00:58:04.584603 #134]  INFO -- : (0.061313s) INSERT INTO `universities` (`university_name`) VALUES ('Oxford Brookes University')
I, [2022-03-14T00:58:04.645285 #134]  INFO -- : (0.060461s) INSERT INTO `universities` (`university_name`) VALUES ('University of Oxford')
I, [2022-03-14T00:58:04.709398 #134]  INFO -- : (0.063895s) INSERT INTO `universities` (`university_name`) VALUES ('Pearson College London')
I, [2022-03-14T00:58:04.769091 #134]  INFO -- : (0.059472s) INSERT INTO `universities` (`university_name`) VALUES ('Pembrokeshire College')
I, [2022-03-14T00:58:04.831685 #134]  INFO -- : (0.062372s) INSERT INTO `universities` (`university_name`) VALUES ('Peter Symonds'' College')
I, [2022-03-14T00:58:04.893603 #134]  INFO -- : (0.061689s) INSERT INTO `universities` (`university_name`) VALUES ('University Centre Peterborough')
I, [2022-03-14T00:58:04.960782 #134]  INFO -- : (0.066924s) INSERT INTO `universities` (`university_name`) VALUES ('Petroc')
I, [2022-03-14T00:58:05.021168 #134]  INFO -- : (0.060165s) INSERT INTO `universities` (`university_name`) VALUES ('Plumpton College')
I, [2022-03-14T00:58:05.082367 #134]  INFO -- : (0.060969s) INSERT INTO `universities` (`university_name`) VALUES ('Plymouth College of Art')
I, [2022-03-14T00:58:05.139725 #134]  INFO -- : (0.057137s) INSERT INTO `universities` (`university_name`) VALUES ('Plymouth Marjon University')
I, [2022-03-14T00:58:05.202525 #134]  INFO -- : (0.062542s) INSERT INTO `universities` (`university_name`) VALUES ('University of Plymouth')
I, [2022-03-14T00:58:05.264396 #134]  INFO -- : (0.061597s) INSERT INTO `universities` (`university_name`) VALUES ('City College Plymouth')
I, [2022-03-14T00:58:05.329564 #134]  INFO -- : (0.064840s) INSERT INTO `universities` (`university_name`) VALUES ('Point Blank Music School')
I, [2022-03-14T00:58:05.391633 #134]  INFO -- : (0.061832s) INSERT INTO `universities` (`university_name`) VALUES ('University of Portsmouth')
I, [2022-03-14T00:58:05.453886 #134]  INFO -- : (0.062014s) INSERT INTO `universities` (`university_name`) VALUES ('Queen Margaret University Edinburgh')
I, [2022-03-14T00:58:05.515439 #134]  INFO -- : (0.061330s) INSERT INTO `universities` (`university_name`) VALUES ('Queen Mary University of London')
I, [2022-03-14T00:58:05.577150 #134]  INFO -- : (0.061447s) INSERT INTO `universities` (`university_name`) VALUES ('Queen''s University Belfast')
I, [2022-03-14T00:58:05.637394 #134]  INFO -- : (0.060023s) INSERT INTO `universities` (`university_name`) VALUES ('Ravensbourne University London')
I, [2022-03-14T00:58:05.696616 #134]  INFO -- : (0.058986s) INSERT INTO `universities` (`university_name`) VALUES ('University of Reading')
I, [2022-03-14T00:58:05.761890 #134]  INFO -- : (0.065040s) INSERT INTO `universities` (`university_name`) VALUES ('Real Training')
I, [2022-03-14T00:58:05.822693 #134]  INFO -- : (0.060578s) INSERT INTO `universities` (`university_name`) VALUES ('University Centre Reaseheath')
I, [2022-03-14T00:58:05.889128 #134]  INFO -- : (0.066198s) INSERT INTO `universities` (`university_name`) VALUES ('Refugee Law Initiative')
I, [2022-03-14T00:58:05.946553 #134]  INFO -- : (0.057180s) INSERT INTO `universities` (`university_name`) VALUES ('Regent''s University London')
I, [2022-03-14T00:58:06.009580 #134]  INFO -- : (0.062736s) INSERT INTO `universities` (`university_name`) VALUES ('Regents Theological College')
I, [2022-03-14T00:58:06.078900 #134]  INFO -- : (0.069065s) INSERT INTO `universities` (`university_name`) VALUES ('Richmond The American International University in London')
I, [2022-03-14T00:58:06.150002 #134]  INFO -- : (0.070839s) INSERT INTO `universities` (`university_name`) VALUES ('Robert Gordon University')
I, [2022-03-14T00:58:06.212687 #134]  INFO -- : (0.062440s) INSERT INTO `universities` (`university_name`) VALUES ('University of Roehampton')
I, [2022-03-14T00:58:06.274449 #134]  INFO -- : (0.061502s) INSERT INTO `universities` (`university_name`) VALUES ('Rose Bruford College')
I, [2022-03-14T00:58:06.334871 #134]  INFO -- : (0.060162s) INSERT INTO `universities` (`university_name`) VALUES ('Royal Academy of Dance')
I, [2022-03-14T00:58:06.398646 #134]  INFO -- : (0.063500s) INSERT INTO `universities` (`university_name`) VALUES ('Royal Academy of Dramatic Art')
I, [2022-03-14T00:58:06.464110 #134]  INFO -- : (0.065238s) INSERT INTO `universities` (`university_name`) VALUES ('Royal Academy of Music')
I, [2022-03-14T00:58:06.524729 #134]  INFO -- : (0.060389s) INSERT INTO `universities` (`university_name`) VALUES ('Royal Agricultural University')
I, [2022-03-14T00:58:06.588036 #134]  INFO -- : (0.063016s) INSERT INTO `universities` (`university_name`) VALUES ('Royal Birmingham Conservatoire')
I, [2022-03-14T00:58:06.646699 #134]  INFO -- : (0.058401s) INSERT INTO `universities` (`university_name`) VALUES ('Royal Central School of Speech and Drama')
I, [2022-03-14T00:58:06.706563 #134]  INFO -- : (0.059610s) INSERT INTO `universities` (`university_name`) VALUES ('Royal College of Art')
I, [2022-03-14T00:58:06.769824 #134]  INFO -- : (0.062968s) INSERT INTO `universities` (`university_name`) VALUES ('Royal College of Music')
I, [2022-03-14T00:58:06.829079 #134]  INFO -- : (0.059028s) INSERT INTO `universities` (`university_name`) VALUES ('Royal Conservatoire of Scotland')
I, [2022-03-14T00:58:06.891448 #134]  INFO -- : (0.062150s) INSERT INTO `universities` (`university_name`) VALUES ('Royal Holloway')
I, [2022-03-14T00:58:06.953050 #134]  INFO -- : (0.061363s) INSERT INTO `universities` (`university_name`) VALUES ('Royal Northern College of Music')
I, [2022-03-14T00:58:07.012398 #134]  INFO -- : (0.059109s) INSERT INTO `universities` (`university_name`) VALUES ('Royal Veterinary College')
I, [2022-03-14T00:58:07.077919 #134]  INFO -- : (0.065281s) INSERT INTO `universities` (`university_name`) VALUES ('Royal Welsh College of Music and Drama')
I, [2022-03-14T00:58:07.138851 #134]  INFO -- : (0.060710s) INSERT INTO `universities` (`university_name`) VALUES ('SAE Institute')
I, [2022-03-14T00:58:07.205079 #134]  INFO -- : (0.065996s) INSERT INTO `universities` (`university_name`) VALUES ('University of St Andrews')
I, [2022-03-14T00:58:07.271068 #134]  INFO -- : (0.065759s) INSERT INTO `universities` (`university_name`) VALUES ('St George''s')
I, [2022-03-14T00:58:07.334050 #134]  INFO -- : (0.062751s) INSERT INTO `universities` (`university_name`) VALUES ('St Mary''s University College Belfast')
I, [2022-03-14T00:58:07.399550 #134]  INFO -- : (0.065254s) INSERT INTO `universities` (`university_name`) VALUES ('University Centre at Salford City College')
I, [2022-03-14T00:58:07.460288 #134]  INFO -- : (0.060501s) INSERT INTO `universities` (`university_name`) VALUES ('University of Salford')
I, [2022-03-14T00:58:07.516053 #134]  INFO -- : (0.055487s) INSERT INTO `universities` (`university_name`) VALUES ('Scarborough TEC')
I, [2022-03-14T00:58:07.574887 #134]  INFO -- : (0.058593s) INSERT INTO `universities` (`university_name`) VALUES ('School Centred Initial Teacher Training in East London Schools')
I, [2022-03-14T00:58:07.642915 #134]  INFO -- : (0.067790s) INSERT INTO `universities` (`university_name`) VALUES ('Selby College')
I, [2022-03-14T00:58:07.712944 #134]  INFO -- : (0.069707s) INSERT INTO `universities` (`university_name`) VALUES ('South Gloucestershire and Stroud College')
I, [2022-03-14T00:58:07.770433 #134]  INFO -- : (0.057264s) INSERT INTO `universities` (`university_name`) VALUES ('Sheffield College')
I, [2022-03-14T00:58:07.831631 #134]  INFO -- : (0.060928s) INSERT INTO `universities` (`university_name`) VALUES ('Sheffield Hallam University')
I, [2022-03-14T00:58:07.890857 #134]  INFO -- : (0.058984s) INSERT INTO `universities` (`university_name`) VALUES ('University of Sheffield')
I, [2022-03-14T00:58:07.948716 #134]  INFO -- : (0.057638s) INSERT INTO `universities` (`university_name`) VALUES ('Shrewsbury Colleges Group')
I, [2022-03-14T00:58:08.015110 #134]  INFO -- : (0.066160s) INSERT INTO `universities` (`university_name`) VALUES ('Coleg Sir Gar')
I, [2022-03-14T00:58:08.074442 #134]  INFO -- : (0.059041s) INSERT INTO `universities` (`university_name`) VALUES ('SMB College Group')
I, [2022-03-14T00:58:08.139880 #134]  INFO -- : (0.065158s) INSERT INTO `universities` (`university_name`) VALUES ('SOAS University of London')
I, [2022-03-14T00:58:08.207138 #134]  INFO -- : (0.066986s) INSERT INTO `universities` (`university_name`) VALUES ('Solihull College & University Centre')
I, [2022-03-14T00:58:08.268589 #134]  INFO -- : (0.061220s) INSERT INTO `universities` (`university_name`) VALUES ('Sotheby''s Institute of Art')
I, [2022-03-14T00:58:08.332348 #134]  INFO -- : (0.063530s) INSERT INTO `universities` (`university_name`) VALUES ('South and City College Birmingham')
I, [2022-03-14T00:58:08.395080 #134]  INFO -- : (0.062456s) INSERT INTO `universities` (`university_name`) VALUES ('South Thames College Group')
I, [2022-03-14T00:58:08.456791 #134]  INFO -- : (0.061439s) INSERT INTO `universities` (`university_name`) VALUES ('University of South Wales')
I, [2022-03-14T00:58:08.514794 #134]  INFO -- : (0.057719s) INSERT INTO `universities` (`university_name`) VALUES ('Solent University')
I, [2022-03-14T00:58:08.575553 #134]  INFO -- : (0.060510s) INSERT INTO `universities` (`university_name`) VALUES ('University of Southampton')
I, [2022-03-14T00:58:08.643517 #134]  INFO -- : (0.067694s) INSERT INTO `universities` (`university_name`) VALUES ('Southport College')
I, [2022-03-14T00:58:08.708453 #134]  INFO -- : (0.064626s) INSERT INTO `universities` (`university_name`) VALUES ('University Centre Sparsholt')
I, [2022-03-14T00:58:08.774933 #134]  INFO -- : (0.066195s) INSERT INTO `universities` (`university_name`) VALUES ('Spurgeon''s College')
I, [2022-03-14T00:58:08.838859 #134]  INFO -- : (0.063656s) INSERT INTO `universities` (`university_name`) VALUES ('SRUC Scotland''s Rural College')
I, [2022-03-14T00:58:08.901626 #134]  INFO -- : (0.062496s) INSERT INTO `universities` (`university_name`) VALUES ('University Centre St Helens')
I, [2022-03-14T00:58:08.959229 #134]  INFO -- : (0.057374s) INSERT INTO `universities` (`university_name`) VALUES ('St Mary''s University Twickenham')
I, [2022-03-14T00:58:09.017232 #134]  INFO -- : (0.057780s) INSERT INTO `universities` (`university_name`) VALUES ('Staffordshire University')
I, [2022-03-14T00:58:09.082504 #134]  INFO -- : (0.065012s) INSERT INTO `universities` (`university_name`) VALUES ('University of Stirling')
I, [2022-03-14T00:58:09.149786 #134]  INFO -- : (0.067028s) INSERT INTO `universities` (`university_name`) VALUES ('Stranmillis University College')
I, [2022-03-14T00:58:09.214269 #134]  INFO -- : (0.064245s) INSERT INTO `universities` (`university_name`) VALUES ('University of Strathclyde')
I, [2022-03-14T00:58:09.278147 #134]  INFO -- : (0.063634s) INSERT INTO `universities` (`university_name`) VALUES ('University of Suffolk')
I, [2022-03-14T00:58:09.337799 #134]  INFO -- : (0.059301s) INSERT INTO `universities` (`university_name`) VALUES ('City of Sunderland College')
I, [2022-03-14T00:58:09.399293 #134]  INFO -- : (0.061274s) INSERT INTO `universities` (`university_name`) VALUES ('University of Sunderland')
I, [2022-03-14T00:58:09.464340 #134]  INFO -- : (0.064829s) INSERT INTO `universities` (`university_name`) VALUES ('University of Surrey')
I, [2022-03-14T00:58:09.530837 #134]  INFO -- : (0.066229s) INSERT INTO `universities` (`university_name`) VALUES ('University of Sussex')
I, [2022-03-14T00:58:09.593412 #134]  INFO -- : (0.062321s) INSERT INTO `universities` (`university_name`) VALUES ('Swansea University')
I, [2022-03-14T00:58:09.658691 #134]  INFO -- : (0.065030s) INSERT INTO `universities` (`university_name`) VALUES ('New College Swindon')
I, [2022-03-14T00:58:09.718537 #134]  INFO -- : (0.059603s) INSERT INTO `universities` (`university_name`) VALUES ('Tameside College')
I, [2022-03-14T00:58:09.777300 #134]  INFO -- : (0.058512s) INSERT INTO `universities` (`university_name`) VALUES ('The Engineering & Design Institute London')
I, [2022-03-14T00:58:09.837209 #134]  INFO -- : (0.059694s) INSERT INTO `universities` (`university_name`) VALUES ('Teesside University Middlesbrough')
I, [2022-03-14T00:58:09.898750 #134]  INFO -- : (0.061310s) INSERT INTO `universities` (`university_name`) VALUES ('ThinkSpace Education')
I, [2022-03-14T00:58:09.958455 #134]  INFO -- : (0.059465s) INSERT INTO `universities` (`university_name`) VALUES ('Trafford College Group')
I, [2022-03-14T00:58:10.018446 #134]  INFO -- : (0.059749s) INSERT INTO `universities` (`university_name`) VALUES ('Trinity Laban Conservatoire of Music and Dance')
I, [2022-03-14T00:58:10.080714 #134]  INFO -- : (0.061994s) INSERT INTO `universities` (`university_name`) VALUES ('Truro and Penwith College')
I, [2022-03-14T00:58:10.147503 #134]  INFO -- : (0.066555s) INSERT INTO `universities` (`university_name`) VALUES ('Two Mile Ash School Centred Initial Teacher Training')
I, [2022-03-14T00:58:10.211905 #134]  INFO -- : (0.064162s) INSERT INTO `universities` (`university_name`) VALUES ('Tyne Coast College')
I, [2022-03-14T00:58:10.273596 #134]  INFO -- : (0.061467s) INSERT INTO `universities` (`university_name`) VALUES ('UCEN Manchester')
I, [2022-03-14T00:58:10.337647 #134]  INFO -- : (0.063766s) INSERT INTO `universities` (`university_name`) VALUES ('UCFB')
I, [2022-03-14T00:58:10.404619 #134]  INFO -- : (0.066702s) INSERT INTO `universities` (`university_name`) VALUES ('University College London')
I, [2022-03-14T00:58:11.620641 #134]  INFO -- : (1.215758s) INSERT INTO `universities` (`university_name`) VALUES ('Ulster University')
I, [2022-03-14T00:58:11.693740 #134]  INFO -- : (0.072852s) INSERT INTO `universities` (`university_name`) VALUES ('University Academy 92')
I, [2022-03-14T00:58:11.762380 #134]  INFO -- : (0.068369s) INSERT INTO `universities` (`university_name`) VALUES ('University Centre Calderdale College')
I, [2022-03-14T00:58:11.841890 #134]  INFO -- : (0.079279s) INSERT INTO `universities` (`university_name`) VALUES ('University Centre Grimsby')
I, [2022-03-14T00:58:11.907819 #134]  INFO -- : (0.065711s) INSERT INTO `universities` (`university_name`) VALUES ('University Centre Rotherham')
I, [2022-03-14T00:58:11.970828 #134]  INFO -- : (0.062778s) INSERT INTO `universities` (`university_name`) VALUES ('University Centre South Devon')
I, [2022-03-14T00:58:12.032780 #134]  INFO -- : (0.061690s) INSERT INTO `universities` (`university_name`) VALUES ('University Centre South Essex')
I, [2022-03-14T00:58:12.095364 #134]  INFO -- : (0.062361s) INSERT INTO `universities` (`university_name`) VALUES ('University Centre at Wakefield College')
I, [2022-03-14T00:58:12.159358 #134]  INFO -- : (0.063751s) INSERT INTO `universities` (`university_name`) VALUES ('University College of Estate Management')
I, [2022-03-14T00:58:12.225081 #134]  INFO -- : (0.065485s) INSERT INTO `universities` (`university_name`) VALUES ('University College of Osteopathy')
I, [2022-03-14T00:58:12.291767 #134]  INFO -- : (0.063861s) INSERT INTO `universities` (`university_name`) VALUES ('University of London Institute in Paris')
I, [2022-03-14T00:58:12.358929 #134]  INFO -- : (0.066934s) INSERT INTO `universities` (`university_name`) VALUES ('University of the Arts London')
I, [2022-03-14T00:58:12.419486 #134]  INFO -- : (0.060307s) INSERT INTO `universities` (`university_name`) VALUES ('University of Westminster')
I, [2022-03-14T00:58:12.479760 #134]  INFO -- : (0.060049s) INSERT INTO `universities` (`university_name`) VALUES ('University of Wales Trinity Saint David')
I, [2022-03-14T00:58:12.541262 #134]  INFO -- : (0.061254s) INSERT INTO `universities` (`university_name`) VALUES ('Walsall College')
I, [2022-03-14T00:58:12.603289 #134]  INFO -- : (0.061815s) INSERT INTO `universities` (`university_name`) VALUES ('University of Warwick')
I, [2022-03-14T00:58:12.664303 #134]  INFO -- : (0.060788s) INSERT INTO `universities` (`university_name`) VALUES ('Warwickshire College and University Centre')
I, [2022-03-14T00:58:12.722530 #134]  INFO -- : (0.057999s) INSERT INTO `universities` (`university_name`) VALUES ('University Centre West Anglia')
I, [2022-03-14T00:58:12.781949 #134]  INFO -- : (0.059140s) INSERT INTO `universities` (`university_name`) VALUES ('West Dean College of Arts and Conservation')
I, [2022-03-14T00:58:12.845524 #134]  INFO -- : (0.063353s) INSERT INTO `universities` (`university_name`) VALUES ('West Herts College')
I, [2022-03-14T00:58:12.910411 #134]  INFO -- : (0.064596s) INSERT INTO `universities` (`university_name`) VALUES ('University of West London')
I, [2022-03-14T00:58:12.987129 #134]  INFO -- : (0.076426s) INSERT INTO `universities` (`university_name`) VALUES ('University of the West of Scotland')
I, [2022-03-14T00:58:13.051373 #134]  INFO -- : (0.064027s) INSERT INTO `universities` (`university_name`) VALUES ('West Suffolk College')
I, [2022-03-14T00:58:13.115370 #134]  INFO -- : (0.063780s) INSERT INTO `universities` (`university_name`) VALUES ('West Thames College')
I, [2022-03-14T00:58:13.178457 #134]  INFO -- : (0.062865s) INSERT INTO `universities` (`university_name`) VALUES ('Capital City College Group')
I, [2022-03-14T00:58:13.241263 #134]  INFO -- : (0.062550s) INSERT INTO `universities` (`university_name`) VALUES ('United Colleges Group')
I, [2022-03-14T00:58:13.304394 #134]  INFO -- : (0.062916s) INSERT INTO `universities` (`university_name`) VALUES ('University Centre Weston')
I, [2022-03-14T00:58:13.370135 #134]  INFO -- : (0.065480s) INSERT INTO `universities` (`university_name`) VALUES ('Weymouth College')
I, [2022-03-14T00:58:13.428391 #134]  INFO -- : (0.058005s) INSERT INTO `universities` (`university_name`) VALUES ('Wigan and Leigh College')
I, [2022-03-14T00:58:13.490910 #134]  INFO -- : (0.062279s) INSERT INTO `universities` (`university_name`) VALUES ('Wiltshire College and University Centre')
I, [2022-03-14T00:58:13.551645 #134]  INFO -- : (0.060465s) INSERT INTO `universities` (`university_name`) VALUES ('University of Winchester')
I, [2022-03-14T00:58:13.613221 #134]  INFO -- : (0.061353s) INSERT INTO `universities` (`university_name`) VALUES ('Wirral Metropolitan College')
I, [2022-03-14T00:58:13.679626 #134]  INFO -- : (0.066173s) INSERT INTO `universities` (`university_name`) VALUES ('University of Wolverhampton')
I, [2022-03-14T00:58:13.749098 #134]  INFO -- : (0.069244s) INSERT INTO `universities` (`university_name`) VALUES ('University of Worcester')
I, [2022-03-14T00:58:13.815270 #134]  INFO -- : (0.065925s) INSERT INTO `universities` (`university_name`) VALUES ('Writtle University College')
I, [2022-03-14T00:58:13.880313 #134]  INFO -- : (0.064770s) INSERT INTO `universities` (`university_name`) VALUES ('Yeovil College University Centre')
I, [2022-03-14T00:58:13.944292 #134]  INFO -- : (0.063735s) INSERT INTO `universities` (`university_name`) VALUES ('York College University Centre')
I, [2022-03-14T00:58:14.008853 #134]  INFO -- : (0.064324s) INSERT INTO `universities` (`university_name`) VALUES ('York St John University')
I, [2022-03-14T00:58:14.074231 #134]  INFO -- : (0.065128s) INSERT INTO `universities` (`university_name`) VALUES ('University of York')
E, [2022-03-14T00:58:14.074701 #134] ERROR -- : SQLite3::SQLException: no such table: users: SELECT NULL AS 'nil' FROM `users` LIMIT 1
I, [2022-03-14T00:58:14.139055 #134]  INFO -- : (0.063962s) CREATE TABLE `users` (`userID` integer NOT NULL PRIMARY KEY AUTOINCREMENT, `username` varchar(255), `password` varchar(255), `email` varchar(255), `first_name` varchar(255), `last_name` varchar(255), `is_suspended` integer, `account_type` integer, `universityID` integer REFERENCES `universities`)
I, [2022-03-14T00:58:14.204783 #134]  INFO -- : (0.065447s) INSERT INTO `users` (`username`, `password`, `email`, `first_name`, `last_name`, `is_suspended`, `account_type`, `universityID`) VALUES ('admin', 'admin', 'admin@admin.com', 'Admin', 'Admin', 0, 3, 304)
I, [2022-03-14T00:58:14.269655 #134]  INFO -- : (0.064573s) INSERT INTO `users` (`username`, `password`, `email`, `first_name`, `last_name`, `is_suspended`, `account_type`, `universityID`) VALUES ('reporter1', 'reporter1', 'reporter1@reporter.com', 'Reporter', 'Reporter', 0, 0, 304)
I, [2022-03-14T00:58:14.337761 #134]  INFO -- : (0.067850s) INSERT INTO `users` (`username`, `password`, `email`, `first_name`, `last_name`, `is_suspended`, `account_type`, `universityID`) VALUES ('reporter2', 'reporter2', 'reporter2@reporter.com', 'Reporter', 'Reporter', 0, 0, 304)
I, [2022-03-14T00:58:14.402463 #134]  INFO -- : (0.064445s) INSERT INTO `users` (`username`, `password`, `email`, `first_name`, `last_name`, `is_suspended`, `account_type`, `universityID`) VALUES ('moderator', 'moderator', 'moderator@moderator.com', 'Moderator', 'Moderator', 0, 2, 304)
I, [2022-03-14T00:58:14.471004 #134]  INFO -- : (0.068208s) INSERT INTO `users` (`username`, `password`, `email`, `first_name`, `last_name`, `is_suspended`, `account_type`, `universityID`) VALUES ('viewer1', 'viewer1', 'viewer1@viewer.com', 'Viewer', 'Viewer', 0, 1, 304)
I, [2022-03-14T00:58:14.535429 #134]  INFO -- : (0.064147s) INSERT INTO `users` (`username`, `password`, `email`, `first_name`, `last_name`, `is_suspended`, `account_type`, `universityID`) VALUES ('viewer2', 'viewer2', 'viewer2@viewer.com', 'Viewer', 'Viewer', 0, 1, 304)
E, [2022-03-14T00:58:14.535857 #134] ERROR -- : SQLite3::SQLException: no such table: posts: SELECT NULL AS 'nil' FROM `posts` LIMIT 1
I, [2022-03-14T00:58:14.601737 #134]  INFO -- : (0.065426s) CREATE TABLE `posts` (`postID` integer NOT NULL PRIMARY KEY AUTOINCREMENT, `userID` integer REFERENCES `users`, `title` varchar(255), `message` varchar(255), `date_posted` varchar(255), `is_moderated` integer, `is_image` integer, `image_link` varchar(255), `universityID` integer REFERENCES `universities`)
E, [2022-03-14T00:58:14.602076 #134] ERROR -- : SQLite3::SQLException: no such table: post_tags: SELECT NULL AS 'nil' FROM `post_tags` LIMIT 1
I, [2022-03-14T00:58:14.667948 #134]  INFO -- : (0.065594s) CREATE TABLE `post_tags` (`postID` integer NOT NULL REFERENCES `posts`, `tagID` integer NOT NULL REFERENCES `tags`, PRIMARY KEY (`postID`, `tagID`))
E, [2022-03-14T00:58:14.668282 #134] ERROR -- : SQLite3::SQLException: no such table: deleted_users: SELECT NULL AS 'nil' FROM `deleted_users` LIMIT 1
I, [2022-03-14T00:58:14.731833 #134]  INFO -- : (0.063288s) CREATE TABLE `deleted_users` (`deleteID_user` integer NOT NULL PRIMARY KEY AUTOINCREMENT, `userID` integer REFERENCES `users`, `date_deleted` varchar(255))
E, [2022-03-14T00:58:14.732153 #134] ERROR -- : SQLite3::SQLException: no such table: deleted_posts: SELECT NULL AS 'nil' FROM `deleted_posts` LIMIT 1
I, [2022-03-14T00:58:14.797140 #134]  INFO -- : (0.064736s) CREATE TABLE `deleted_posts` (`deleteID_post` integer NOT NULL PRIMARY KEY AUTOINCREMENT, `userID` integer REFERENCES `users`, `date_deleted` varchar(255))
E, [2022-03-14T00:58:14.797452 #134] ERROR -- : SQLite3::SQLException: no such table: reported_posts: SELECT NULL AS 'nil' FROM `reported_posts` LIMIT 1
I, [2022-03-14T00:58:14.858764 #134]  INFO -- : (0.061018s) CREATE TABLE `reported_posts` (`reported_postID` integer NOT NULL PRIMARY KEY AUTOINCREMENT, `postID` integer REFERENCES `posts`, `report_reasonID` integer REFERENCES `report_reasons`, `report_count` integer)
E, [2022-03-14T00:58:14.859138 #134] ERROR -- : SQLite3::SQLException: no such table: report_reasons: SELECT NULL AS 'nil' FROM `report_reasons` LIMIT 1
I, [2022-03-14T00:58:14.918852 #134]  INFO -- : (0.059403s) CREATE TABLE `report_reasons` (`report_reasonID` integer NOT NULL PRIMARY KEY AUTOINCREMENT, `report_name` varchar(255))
I, [2022-03-14T00:58:14.919839 #134]  INFO -- : (0.000172s) PRAGMA table_info('posts')
I, [2022-03-14T00:58:14.920779 #134]  INFO -- : (0.000086s) PRAGMA table_info('post_tags')
I, [2022-03-14T00:58:14.921511 #134]  INFO -- : (0.000105s) PRAGMA table_info('tags')
I, [2022-03-14T00:58:14.922379 #134]  INFO -- : (0.000171s) PRAGMA table_info('users')
I, [2022-03-14T00:58:26.962002 #134]  INFO -- : (0.000185s) SELECT * FROM `posts`
